<?xml version="1.0" encoding="UTF-8"?>
<!-- Generated by org.testng.reporters.JUnitXMLReporter -->
<testsuite ignored="0" hostname="DESKTOP-LP094W" failures="1" tests="2" name="Default test" time="19.78" errors="0" timestamp="2026-05-15T10:40:36 IST">
  <testcase classname="io.cucumber.testng.AbstractTestNGCucumberTests" name="runScenario" time="11.039"/>
  <testcase classname="io.cucumber.testng.AbstractTestNGCucumberTests" name="runScenario" time="7.921">
    <failure type="io.cucumber.testng.UndefinedStepException" message="The step &amp;apos;the user clicks on Inventory``````&amp;apos; is undefined.
You can implement this step using the snippet(s) below:

@When(&amp;quot;the user clicks on Inventory``````&amp;quot;)
public void the_user_clicks_on_inventory() {
    // Write code here that turns the phrase above into concrete actions
    throw new io.cucumber.java.PendingException();
}
">
      <![CDATA[io.cucumber.testng.UndefinedStepException: The step 'the user clicks on Inventory``````' is undefined.
You can implement this step using the snippet(s) below:

@When("the user clicks on Inventory``````")
public void the_user_clicks_on_inventory() {
    // Write code here that turns the phrase above into concrete actions
    throw new io.cucumber.java.PendingException();
}

at ✽.the user clicks on Inventory``````(file:///D:/-----------------seleniumproject-----------------------/SmartHospitalTestingProject/SmartHospitalTesting/src/test/resources/Tamilarasu/AddNewStock.feature:27)
]]>
    </failure>
  </testcase> <!-- runScenario -->
</testsuite> <!-- Default test -->
