-------------------------------------------------------------------------------
Test set: runner.TestNGRunner
-------------------------------------------------------------------------------
Tests run: 1, Failures: 1, Errors: 0, Skipped: 0, Time elapsed: 23.03 s <<< FAILURE! -- in runner.TestNGRunner
runner.TestNGRunner.runScenario["Successfully add stock items", "Add Item Stock"](1) -- Time elapsed: 21.72 s <<< FAILURE!
org.openqa.selenium.TimeoutException: 
Expected condition failed: waiting for element found by By.xpath: //a[contains(@href,'itemstock') and .//span[text()='Inventory']] to be clickable, but the element was not visible.
(tried for 10 seconds with 500 milliseconds interval)
Build info: version: '4.43.0', revision: 'dd0f534'
System info: os.name: 'Windows 11', os.arch: 'amd64', os.version: '10.0', java.version: '25.0.2'
Driver info: org.openqa.selenium.chrome.ChromeDriver
Capabilities {acceptInsecureCerts: false, browserName: chrome, browserVersion: 148.0.7778.97, chrome: {chromedriverVersion: 148.0.7778.167 (65db666ac2c..., userDataDir: C:\Users\TAMILA~1\AppData\L...}, fedcm:accounts: true, goog:chromeOptions: {debuggerAddress: localhost:51836}, goog:processID: 22212, networkConnectionEnabled: false, pageLoadStrategy: normal, platformName: windows, proxy: Proxy(), se:cdp: ws://localhost:51836/devtoo..., se:cdpVersion: 148.0.7778.97, setWindowRect: true, strictFileInteractability: false, timeouts: {implicit: 0, pageLoad: 300000, script: 30000}, unhandledPromptBehavior: dismiss and notify, webauthn:extension:credBlob: true, webauthn:extension:largeBlob: true, webauthn:extension:minPinLength: true, webauthn:extension:prf: true, webauthn:virtualAuthenticators: true}
Session ID: decaf0aa7e3c2fc7d20fb786658cd3b6
	at org.openqa.selenium.support.ui.WebDriverWait.timeoutException(WebDriverWait.java:85)
	at org.openqa.selenium.support.ui.FluentWait.until(FluentWait.java:234)
	at Utilities.Helper.waitForElementClickable(Helper.java:43)
	at pages.AddNewStockPage.clickInventory(AddNewStockPage.java:25)
	at actions.AddNewStock.clickInventory(AddNewStock.java:12)
	at stepDefinition.AddNewItemStock.the_user_clicks_on_inventory(AddNewItemStock.java:15)
	at ✽.the user clicks on Inventory(file:///D:/-----------------seleniumproject-----------------------/SmartHospitalTestingProject/SmartHospitalTesting/src/test/resources/Tamilarasu/AddNewStock.feature:12)

