<?xml version="1.0" encoding="UTF-8"?>
<!-- Generated by org.testng.reporters.JUnitReportReporter -->
<testsuite hostname="DharshanJayapal" failures="0" tests="3" name="runner.TestNGRunner" time="22.024" errors="0" timestamp="2026-05-15T00:28:25 IST" skipped="0">
  <testcase classname="runner.TestNGRunner" name="runScenario" time="13.083"/>
  <testcase classname="runner.TestNGRunner" name="runScenario" time="4.236"/>
  <testcase classname="runner.TestNGRunner" name="runScenario" time="4.705"/>
</testsuite> <!-- runner.TestNGRunner -->
