<?xml version="1.0" encoding="UTF-8"?>
<!-- Generated by org.testng.reporters.JUnitReportReporter -->
<testsuite hostname="DESKTOP-LP094W" failures="0" tests="2" name="runner.TestNGRunner" time="18.960" errors="1" timestamp="2026-05-15T10:40:36 IST" skipped="0">
  <testcase classname="runner.TestNGRunner" name="runScenario" time="7.921">
    <error message="The step &#039;the user clicks on Inventory``````&#039; is undefined.
You can implement this step using the snippet(s) below:

@When(&quot;the user clicks on Inventory``````&quot;)
public void the_user_clicks_on_inventory() {
    // Write code here that turns the phrase above into concrete actions
    throw new io.cucumber.java.PendingException();
}
" type="io.cucumber.testng.UndefinedStepException">
      <![CDATA[io.cucumber.testng.UndefinedStepException: The step 'the user clicks on Inventory``````' is undefined.
You can implement this step using the snippet(s) below:

@When("the user clicks on Inventory``````")
public void the_user_clicks_on_inventory() {
    // Write code here that turns the phrase above into concrete actions
    throw new io.cucumber.java.PendingException();
}

at ✽.the user clicks on Inventory``````(file:///D:/-----------------seleniumproject-----------------------/SmartHospitalTestingProject/SmartHospitalTesting/src/test/resources/Tamilarasu/AddNewStock.feature:27)
]]>
    </error>
  </testcase> <!-- runScenario -->
  <testcase classname="runner.TestNGRunner" name="runScenario" time="11.039"/>
</testsuite> <!-- runner.TestNGRunner -->
